<?xml version="1.0" encoding="UTF-8"?>
<!-- Generated by org.testng.reporters.JUnitReportReporter -->
<testsuite hostname="BPLT11422" name="Test.IAT_TestSession_State" tests="4" failures="4" timestamp="25 Sep 2014 20:33:38 GMT" time="0.000" errors="0">
  <testcase name="executeTest" time="0.000" classname="Test.IAT_TestSession_State">
    <failure type="org.testng.TestNGException" message="
Method executeTest requires 2 parameters but 0 were supplied in the @Test annotation.">
      <![CDATA[org.testng.TestNGException: 
Method executeTest requires 2 parameters but 0 were supplied in the @Test annotation.
	at org.testng.internal.Parameters.checkParameterTypes(Parameters.java:198)
	at org.testng.internal.Parameters.createParameters(Parameters.java:134)
	at org.testng.internal.Parameters.createParameters(Parameters.java:373)
	at org.testng.internal.Parameters.handleParameters(Parameters.java:450)
	at org.testng.internal.Invoker.handleParameters(Invoker.java:1383)
	at org.testng.internal.Invoker.createParameters(Invoker.java:1075)
	at org.testng.internal.Invoker.invokeTestMethods(Invoker.java:1180)
	at org.testng.internal.TestMethodWorker.invokeTestMethods(TestMethodWorker.java:127)
	at org.testng.internal.TestMethodWorker.run(TestMethodWorker.java:111)
	at java.util.concurrent.ThreadPoolExecutor.runWorker(ThreadPoolExecutor.java:1142)
	at java.util.concurrent.ThreadPoolExecutor$Worker.run(ThreadPoolExecutor.java:617)
	at java.lang.Thread.run(Thread.java:745)
]]>
    </failure>
  </testcase> <!-- executeTest -->
  <testcase name="executeTest" time="0.000" classname="Test.IAT_TestSession_State">
    <failure type="org.testng.TestNGException" message="
Method executeTest requires 2 parameters but 0 were supplied in the @Test annotation.">
      <![CDATA[org.testng.TestNGException: 
Method executeTest requires 2 parameters but 0 were supplied in the @Test annotation.
	at org.testng.internal.Parameters.checkParameterTypes(Parameters.java:198)
	at org.testng.internal.Parameters.createParameters(Parameters.java:134)
	at org.testng.internal.Parameters.createParameters(Parameters.java:373)
	at org.testng.internal.Parameters.handleParameters(Parameters.java:450)
	at org.testng.internal.Invoker.handleParameters(Invoker.java:1383)
	at org.testng.internal.Invoker.createParameters(Invoker.java:1075)
	at org.testng.internal.Invoker.invokeTestMethods(Invoker.java:1180)
	at org.testng.internal.TestMethodWorker.invokeTestMethods(TestMethodWorker.java:127)
	at org.testng.internal.TestMethodWorker.run(TestMethodWorker.java:111)
	at java.util.concurrent.ThreadPoolExecutor.runWorker(ThreadPoolExecutor.java:1142)
	at java.util.concurrent.ThreadPoolExecutor$Worker.run(ThreadPoolExecutor.java:617)
	at java.lang.Thread.run(Thread.java:745)
]]>
    </failure>
  </testcase> <!-- executeTest -->
  <testcase name="TC_DeleteTestSession_State" time="0.000" classname="Test.IAT_TestSession_State">
    <failure type="java.lang.RuntimeException" message="java.lang.IllegalArgumentException: No enum constant DRC.AutomationFramework.WebDriver.DriverEnumerators.BrowserTargetBits.32BIT">
      <![CDATA[java.lang.RuntimeException: java.lang.IllegalArgumentException: No enum constant DRC.AutomationFramework.WebDriver.DriverEnumerators.BrowserTargetBits.32BIT
	at org.testng.internal.MethodInvocationHelper.invokeDataProvider(MethodInvocationHelper.java:161)
	at org.testng.internal.Parameters.handleParameters(Parameters.java:429)
	at org.testng.internal.Invoker.handleParameters(Invoker.java:1383)
	at org.testng.internal.Invoker.createParameters(Invoker.java:1075)
	at org.testng.internal.Invoker.invokeTestMethods(Invoker.java:1180)
	at org.testng.internal.TestMethodWorker.invokeTestMethods(TestMethodWorker.java:127)
	at org.testng.internal.TestMethodWorker.run(TestMethodWorker.java:111)
	at java.util.concurrent.ThreadPoolExecutor.runWorker(ThreadPoolExecutor.java:1142)
	at java.util.concurrent.ThreadPoolExecutor$Worker.run(ThreadPoolExecutor.java:617)
	at java.lang.Thread.run(Thread.java:745)
Caused by: java.lang.IllegalArgumentException: No enum constant DRC.AutomationFramework.WebDriver.DriverEnumerators.BrowserTargetBits.32BIT
	at java.lang.Enum.valueOf(Enum.java:238)
	at DRC.AutomationFramework.WebDriver.DriverEnumerators$BrowserTargetBits.valueOf(DriverEnumerators.java:1)
	at DRC.AutomationFramework.WebDriver.DriverSetup.<init>(DriverSetup.java:19)
	at DRC.AutomationFramework.TestManagement.BaseTestCase.parameterIntTestProvider(BaseTestCase.java:201)
	at sun.reflect.NativeMethodAccessorImpl.invoke0(Native Method)
	at sun.reflect.NativeMethodAccessorImpl.invoke(NativeMethodAccessorImpl.java:62)
	at sun.reflect.DelegatingMethodAccessorImpl.invoke(DelegatingMethodAccessorImpl.java:43)
	at java.lang.reflect.Method.invoke(Method.java:483)
	at org.testng.internal.MethodInvocationHelper.invokeMethod(MethodInvocationHelper.java:84)
	at org.testng.internal.MethodInvocationHelper.invokeDataProvider(MethodInvocationHelper.java:135)
	... 9 more
]]>
    </failure>
  </testcase> <!-- TC_DeleteTestSession_State -->
  <testcase name="TC_DeleteTestSession_State" time="0.000" classname="Test.IAT_TestSession_State">
    <failure type="java.lang.RuntimeException" message="java.lang.IllegalArgumentException: No enum constant DRC.AutomationFramework.WebDriver.DriverEnumerators.BrowserTargetBits.32BIT">
      <![CDATA[java.lang.RuntimeException: java.lang.IllegalArgumentException: No enum constant DRC.AutomationFramework.WebDriver.DriverEnumerators.BrowserTargetBits.32BIT
	at org.testng.internal.MethodInvocationHelper.invokeDataProvider(MethodInvocationHelper.java:161)
	at org.testng.internal.Parameters.handleParameters(Parameters.java:429)
	at org.testng.internal.Invoker.handleParameters(Invoker.java:1383)
	at org.testng.internal.Invoker.createParameters(Invoker.java:1075)
	at org.testng.internal.Invoker.invokeTestMethods(Invoker.java:1180)
	at org.testng.internal.TestMethodWorker.invokeTestMethods(TestMethodWorker.java:127)
	at org.testng.internal.TestMethodWorker.run(TestMethodWorker.java:111)
	at java.util.concurrent.ThreadPoolExecutor.runWorker(ThreadPoolExecutor.java:1142)
	at java.util.concurrent.ThreadPoolExecutor$Worker.run(ThreadPoolExecutor.java:617)
	at java.lang.Thread.run(Thread.java:745)
Caused by: java.lang.IllegalArgumentException: No enum constant DRC.AutomationFramework.WebDriver.DriverEnumerators.BrowserTargetBits.32BIT
	at java.lang.Enum.valueOf(Enum.java:238)
	at DRC.AutomationFramework.WebDriver.DriverEnumerators$BrowserTargetBits.valueOf(DriverEnumerators.java:1)
	at DRC.AutomationFramework.WebDriver.DriverSetup.<init>(DriverSetup.java:19)
	at DRC.AutomationFramework.TestManagement.BaseTestCase.parameterIntTestProvider(BaseTestCase.java:201)
	at sun.reflect.NativeMethodAccessorImpl.invoke0(Native Method)
	at sun.reflect.NativeMethodAccessorImpl.invoke(NativeMethodAccessorImpl.java:62)
	at sun.reflect.DelegatingMethodAccessorImpl.invoke(DelegatingMethodAccessorImpl.java:43)
	at java.lang.reflect.Method.invoke(Method.java:483)
	at org.testng.internal.MethodInvocationHelper.invokeMethod(MethodInvocationHelper.java:84)
	at org.testng.internal.MethodInvocationHelper.invokeDataProvider(MethodInvocationHelper.java:135)
	... 9 more
]]>
    </failure>
  </testcase> <!-- TC_DeleteTestSession_State -->
</testsuite> <!-- Test.IAT_TestSession_State -->
