<?xml version="1.0" encoding="UTF-8"?>
<testng-results skipped="0" failed="0" total="1" passed="1">
  <reporter-output>
  </reporter-output>
  <suite name="ReflectionTest" duration-ms="20" started-at="2014-10-08T18:55:56Z" finished-at="2014-10-08T18:55:56Z">
    <groups>
    </groups>
    <test name="Command line test" duration-ms="20" started-at="2014-10-08T18:55:56Z" finished-at="2014-10-08T18:55:56Z">
      <class name="ReflectionTest">
        <test-method status="PASS" signature="f()[pri:0, instance:ReflectionTest@1f256fa]" name="f" duration-ms="7" started-at="2014-10-08T18:55:56Z" finished-at="2014-10-08T18:55:56Z">
        </test-method>
      </class>
    </test>
  </suite>
</testng-results>
