<?xml version="1.0" encoding="UTF-8"?>
<testng-results skipped="0" failed="0" total="1" passed="1">
  <reporter-output>
  </reporter-output>
  <suite name="Default suite" duration-ms="26" started-at="2014-09-16T20:17:58Z" finished-at="2014-09-16T20:17:58Z">
    <groups>
    </groups>
    <test name="Default test" duration-ms="26" started-at="2014-09-16T20:17:58Z" finished-at="2014-09-16T20:17:58Z">
      <class name="ReflectionTest">
        <test-method status="PASS" signature="f()[pri:0, instance:ReflectionTest@18f23c]" name="f" duration-ms="14" started-at="2014-09-16T15:17:58Z" finished-at="2014-09-16T15:17:58Z">
          <reporter-output>
          </reporter-output>
        </test-method> <!-- f -->
      </class> <!-- ReflectionTest -->
    </test> <!-- Default test -->
  </suite> <!-- Default suite -->
</testng-results>
