<?xml version="1.0" encoding="UTF-8"?>
<!-- Generated by org.testng.reporters.JUnitXMLReporter -->
<testsuite hostname="BPLT11422" name="Andy" tests="1" failures="1" timestamp="12 Sep 2014 19:49:16 GMT" time="6.645" errors="0">
  <testcase name="TestCaseExecution on [Suite: &quot;Default Suite&quot; ]" time="3.881" classname="DRC.AutomationFramework.Execution.ConsoleExecution">
    <failure type="java.lang.NullPointerException">
      <![CDATA[java.lang.NullPointerException
	at DRC.AutomationFramework.Execution.ConsoleExecution.TestCaseExecution(ConsoleExecution.java:215)
... Removed 24 stack frames]]>
    </failure>
  </testcase> <!-- TestCaseExecution on [Suite: "Default Suite" ] -->
</testsuite> <!-- Andy -->
